2025-11-15 17:24:06,823 - INFO - Creating Vendor Summary Table....
2025-11-15 17:25:20,060 - INFO -    VendorNumber                   VendorName  Brand              Description  \
0          1128  BROWN-FORMAN CORP             1233  Jack Daniels No 7 Black   
1          4425        MARTIGNETTI COMPANIES   3405    Tito's Handmade Vodka   
2         17035  PERNOD RICARD USA             8068         Absolut 80 Proof   
3          3960  DIAGEO NORTH AMERICA INC      4261   Capt Morgan Spiced Rum   
4          3960  DIAGEO NORTH AMERICA INC      3545          Ketel One Vodka   

   PurchasePrice  ActualPrice Volume  TotalPurchaseQuantity  \
0          26.27        36.99   1750                 145080   
1          23.19        28.99   1750                 164038   
2          18.24        24.99   1750                 187407   
3          16.17        22.99   1750                 201682   
4          21.89        29.99   1750                 138109   

   TotalPurchaseDollars  TotalSalesQuantity  TotalSalesPrice  \
0            3811251.60            142049.0        672819.31   
1            3804041.22            160247.0        561512.37   
2            3418303.68            187140.0        461140.15   
3            3261197.94            200412.0        420050.01   
4            3023206.01            135838.0        545778.28   

   TotalSalesDollars  TotalExciseTax  FreightCost  
0         5101919.51       260999.20     68601.68  
1         4819073.49       294438.66    144929.24  
2         4538120.60       343854.07    123780.22  
3         4475972.88       368242.80    257032.07  
4         4223107.62       249587.83    257032.07  
2025-11-15 17:25:20,065 - INFO - Cleaning Data....
2025-11-15 17:25:20,082 - INFO -    VendorNumber                VendorName  Brand              Description  \
0          1128         BROWN-FORMAN CORP   1233  Jack Daniels No 7 Black   
1          4425     MARTIGNETTI COMPANIES   3405    Tito's Handmade Vodka   
2         17035         PERNOD RICARD USA   8068         Absolut 80 Proof   
3          3960  DIAGEO NORTH AMERICA INC   4261   Capt Morgan Spiced Rum   
4          3960  DIAGEO NORTH AMERICA INC   3545          Ketel One Vodka   

   PurchasePrice  ActualPrice  Volume  TotalPurchaseQuantity  \
0          26.27        36.99  1750.0                 145080   
1          23.19        28.99  1750.0                 164038   
2          18.24        24.99  1750.0                 187407   
3          16.17        22.99  1750.0                 201682   
4          21.89        29.99  1750.0                 138109   

   TotalPurchaseDollars  TotalSalesQuantity  TotalSalesPrice  \
0            3811251.60            142049.0        672819.31   
1            3804041.22            160247.0        561512.37   
2            3418303.68            187140.0        461140.15   
3            3261197.94            200412.0        420050.01   
4            3023206.01            135838.0        545778.28   

   TotalSalesDollars  TotalExciseTax  FreightCost  GrossProfit  ProfitMargin  \
0         5101919.51       260999.20     68601.68   1290667.91     25.297693   
1         4819073.49       294438.66    144929.24   1015032.27     21.062810   
2         4538120.60       343854.07    123780.22   1119816.92     24.675786   
3         4475972.88       368242.80    257032.07   1214774.94     27.139908   
4         4223107.62       249587.83    257032.07   1199901.61     28.412764   

   StockTurnover  SalesToPurchaseRatio  
0       0.979108              1.338647  
1       0.976890              1.266830  
2       0.998575              1.327594  
3       0.993703              1.372493  
4       0.983556              1.396897  
2025-11-15 17:25:20,092 - INFO - Ingesting data....
2025-11-15 17:25:20,187 - INFO - ----------Completed----------
